<?xml version="1.0" encoding="UTF-8"?>
<!-- Generated by org.testng.reporters.JUnitReportReporter -->
<testsuite hostname="TS-INDIA-0026" failures="0" tests="2" name="com.automation.testcases.LoginTest" time="29.065" errors="0" timestamp="6 Aug 2022 10:53:55 GMT">
  <testcase classname="com.automation.testcases.LoginTest" name="loginApp" time="28.401"/>
  <testcase classname="com.automation.testcases.LoginTest" name="loginApp1" time="0.664"/>
</testsuite> <!-- com.automation.testcases.LoginTest -->
